2005.02.15 09:25 B D:\data\packige\asp웹에디터\htmlarea\popups\images\editor_bgcolor.gif <-- jumprope /c:/webhosting/jumprope/htmlarea/popups/images editor_bgcolor.gif
2005.02.15 09:25 B D:\data\packige\asp웹에디터\htmlarea\popups\images\editor_bold.gif <-- jumprope /c:/webhosting/jumprope/htmlarea/popups/images editor_bold.gif
2005.02.15 09:25 B D:\data\packige\asp웹에디터\htmlarea\popups\images\editor_bottom.gif <-- jumprope /c:/webhosting/jumprope/htmlarea/popups/images editor_bottom.gif
2005.02.15 09:25 B D:\data\packige\asp웹에디터\htmlarea\popups\images\editor_center.gif <-- jumprope /c:/webhosting/jumprope/htmlarea/popups/images editor_center.gif
2005.02.15 09:25 B D:\data\packige\asp웹에디터\htmlarea\popups\images\editor_headline.gif <-- jumprope /c:/webhosting/jumprope/htmlarea/popups/images editor_headline.gif
2005.02.15 09:25 B D:\data\packige\asp웹에디터\htmlarea\popups\images\editor_help.gif <-- jumprope /c:/webhosting/jumprope/htmlarea/popups/images editor_help.gif
2005.02.15 09:25 B D:\data\packige\asp웹에디터\htmlarea\popups\images\editor_in.gif <-- jumprope /c:/webhosting/jumprope/htmlarea/popups/images editor_in.gif
2005.02.15 09:25 B D:\data\packige\asp웹에디터\htmlarea\popups\images\editor_itel.gif <-- jumprope /c:/webhosting/jumprope/htmlarea/popups/images editor_itel.gif
2005.02.15 09:25 B D:\data\packige\asp웹에디터\htmlarea\popups\images\editor_jum.gif <-- jumprope /c:/webhosting/jumprope/htmlarea/popups/images editor_jum.gif
2005.02.15 09:25 B D:\data\packige\asp웹에디터\htmlarea\popups\images\editor_left.gif <-- jumprope /c:/webhosting/jumprope/htmlarea/popups/images editor_left.gif
2005.02.15 09:25 B D:\data\packige\asp웹에디터\htmlarea\popups\images\editor_line.gif <-- jumprope /c:/webhosting/jumprope/htmlarea/popups/images editor_line.gif
2005.02.15 09:26 B D:\data\packige\asp웹에디터\htmlarea\popups\images\editor_link.gif <-- jumprope /c:/webhosting/jumprope/htmlarea/popups/images editor_link.gif
2005.02.15 09:26 B D:\data\packige\asp웹에디터\htmlarea\popups\images\editor_mem.gif <-- jumprope /c:/webhosting/jumprope/htmlarea/popups/images editor_mem.gif
2005.02.15 09:26 B D:\data\packige\asp웹에디터\htmlarea\popups\images\editor_option.gif <-- jumprope /c:/webhosting/jumprope/htmlarea/popups/images editor_option.gif
2005.02.15 09:26 B D:\data\packige\asp웹에디터\htmlarea\popups\images\editor_out.gif <-- jumprope /c:/webhosting/jumprope/htmlarea/popups/images editor_out.gif
2005.02.15 09:26 B D:\data\packige\asp웹에디터\htmlarea\popups\images\editor_pic.gif <-- jumprope /c:/webhosting/jumprope/htmlarea/popups/images editor_pic.gif
2005.02.15 09:26 B D:\data\packige\asp웹에디터\htmlarea\popups\images\editor_right.gif <-- jumprope /c:/webhosting/jumprope/htmlarea/popups/images editor_right.gif
2005.02.15 09:26 B D:\data\packige\asp웹에디터\htmlarea\popups\images\editor_size.gif <-- jumprope /c:/webhosting/jumprope/htmlarea/popups/images editor_size.gif
2005.02.15 09:26 B D:\data\packige\asp웹에디터\htmlarea\popups\images\editor_table.gif <-- jumprope /c:/webhosting/jumprope/htmlarea/popups/images editor_table.gif
2005.02.15 09:26 B D:\data\packige\asp웹에디터\htmlarea\popups\images\editor_tag.gif <-- jumprope /c:/webhosting/jumprope/htmlarea/popups/images editor_tag.gif
2005.02.15 09:26 B D:\data\packige\asp웹에디터\htmlarea\popups\images\editor_text.gif <-- jumprope /c:/webhosting/jumprope/htmlarea/popups/images editor_text.gif
2005.02.15 09:26 B D:\data\packige\asp웹에디터\htmlarea\popups\images\editor_textcolor.gif <-- jumprope /c:/webhosting/jumprope/htmlarea/popups/images editor_textcolor.gif
2005.02.15 09:26 B D:\data\packige\asp웹에디터\htmlarea\popups\images\editor_top.gif <-- jumprope /c:/webhosting/jumprope/htmlarea/popups/images editor_top.gif
2005.02.15 09:26 B D:\data\packige\asp웹에디터\htmlarea\popups\images\editor_top2.gif <-- jumprope /c:/webhosting/jumprope/htmlarea/popups/images editor_top2.gif
2005.02.15 09:26 B D:\data\packige\asp웹에디터\htmlarea\popups\images\editor_underline.gif <-- jumprope /c:/webhosting/jumprope/htmlarea/popups/images editor_underline.gif
2005.02.15 09:26 B D:\data\packige\asp웹에디터\htmlarea\popups\images\Loading-Bar.gif <-- jumprope /c:/webhosting/jumprope/htmlarea/popups/images Loading-Bar.gif
2005.02.15 15:18 B D:\data\packige\asp용웹에디터\htmlarea\popups\images\editor_bgcolor.gif --> artbeads.open4000.com /c:/webhosting/artbeads/htmlarea/popups/images editor_bgcolor.gif
2005.02.15 15:18 B D:\data\packige\asp용웹에디터\htmlarea\popups\images\editor_bold.gif --> artbeads.open4000.com /c:/webhosting/artbeads/htmlarea/popups/images editor_bold.gif
2005.02.15 15:18 B D:\data\packige\asp용웹에디터\htmlarea\popups\images\editor_bottom.gif --> artbeads.open4000.com /c:/webhosting/artbeads/htmlarea/popups/images editor_bottom.gif
2005.02.15 15:18 B D:\data\packige\asp용웹에디터\htmlarea\popups\images\editor_center.gif --> artbeads.open4000.com /c:/webhosting/artbeads/htmlarea/popups/images editor_center.gif
2005.02.15 15:18 B D:\data\packige\asp용웹에디터\htmlarea\popups\images\editor_headline.gif --> artbeads.open4000.com /c:/webhosting/artbeads/htmlarea/popups/images editor_headline.gif
2005.02.15 15:18 B D:\data\packige\asp용웹에디터\htmlarea\popups\images\editor_help.gif --> artbeads.open4000.com /c:/webhosting/artbeads/htmlarea/popups/images editor_help.gif
2005.02.15 15:18 B D:\data\packige\asp용웹에디터\htmlarea\popups\images\editor_in.gif --> artbeads.open4000.com /c:/webhosting/artbeads/htmlarea/popups/images editor_in.gif
2005.02.15 15:18 B D:\data\packige\asp용웹에디터\htmlarea\popups\images\editor_itel.gif --> artbeads.open4000.com /c:/webhosting/artbeads/htmlarea/popups/images editor_itel.gif
2005.02.15 15:18 B D:\data\packige\asp용웹에디터\htmlarea\popups\images\editor_jum.gif --> artbeads.open4000.com /c:/webhosting/artbeads/htmlarea/popups/images editor_jum.gif
2005.02.15 15:18 B D:\data\packige\asp용웹에디터\htmlarea\popups\images\editor_left.gif --> artbeads.open4000.com /c:/webhosting/artbeads/htmlarea/popups/images editor_left.gif
2005.02.15 15:18 B D:\data\packige\asp용웹에디터\htmlarea\popups\images\editor_line.gif --> artbeads.open4000.com /c:/webhosting/artbeads/htmlarea/popups/images editor_line.gif
2005.02.15 15:18 B D:\data\packige\asp용웹에디터\htmlarea\popups\images\editor_link.gif --> artbeads.open4000.com /c:/webhosting/artbeads/htmlarea/popups/images editor_link.gif
2005.02.15 15:18 B D:\data\packige\asp용웹에디터\htmlarea\popups\images\editor_mem.gif --> artbeads.open4000.com /c:/webhosting/artbeads/htmlarea/popups/images editor_mem.gif
2005.02.15 15:18 B D:\data\packige\asp용웹에디터\htmlarea\popups\images\editor_option.gif --> artbeads.open4000.com /c:/webhosting/artbeads/htmlarea/popups/images editor_option.gif
2005.02.15 15:18 B D:\data\packige\asp용웹에디터\htmlarea\popups\images\editor_out.gif --> artbeads.open4000.com /c:/webhosting/artbeads/htmlarea/popups/images editor_out.gif
2005.02.15 15:18 B D:\data\packige\asp용웹에디터\htmlarea\popups\images\editor_pic.gif --> artbeads.open4000.com /c:/webhosting/artbeads/htmlarea/popups/images editor_pic.gif
2005.02.15 15:18 B D:\data\packige\asp용웹에디터\htmlarea\popups\images\editor_right.gif --> artbeads.open4000.com /c:/webhosting/artbeads/htmlarea/popups/images editor_right.gif
2005.02.15 15:18 B D:\data\packige\asp용웹에디터\htmlarea\popups\images\editor_size.gif --> artbeads.open4000.com /c:/webhosting/artbeads/htmlarea/popups/images editor_size.gif
2005.02.15 15:18 B D:\data\packige\asp용웹에디터\htmlarea\popups\images\editor_table.gif --> artbeads.open4000.com /c:/webhosting/artbeads/htmlarea/popups/images editor_table.gif
2005.02.15 15:18 B D:\data\packige\asp용웹에디터\htmlarea\popups\images\editor_tag.gif --> artbeads.open4000.com /c:/webhosting/artbeads/htmlarea/popups/images editor_tag.gif
2005.02.15 15:18 B D:\data\packige\asp용웹에디터\htmlarea\popups\images\editor_text.gif --> artbeads.open4000.com /c:/webhosting/artbeads/htmlarea/popups/images editor_text.gif
2005.02.15 15:18 B D:\data\packige\asp용웹에디터\htmlarea\popups\images\editor_textcolor.gif --> artbeads.open4000.com /c:/webhosting/artbeads/htmlarea/popups/images editor_textcolor.gif
2005.02.15 15:18 B D:\data\packige\asp용웹에디터\htmlarea\popups\images\editor_top.gif --> artbeads.open4000.com /c:/webhosting/artbeads/htmlarea/popups/images editor_top.gif
2005.02.15 15:18 B D:\data\packige\asp용웹에디터\htmlarea\popups\images\editor_top2.gif --> artbeads.open4000.com /c:/webhosting/artbeads/htmlarea/popups/images editor_top2.gif
2005.02.15 15:18 B D:\data\packige\asp용웹에디터\htmlarea\popups\images\editor_underline.gif --> artbeads.open4000.com /c:/webhosting/artbeads/htmlarea/popups/images editor_underline.gif
2005.02.15 15:18 B D:\data\packige\asp용웹에디터\htmlarea\popups\images\Loading-Bar.gif --> artbeads.open4000.com /c:/webhosting/artbeads/htmlarea/popups/images Loading-Bar.gif
2005.02.15 15:18 B D:\data\packige\asp용웹에디터\htmlarea\popups\images\WS_FTP.LOG --> artbeads.open4000.com /c:/webhosting/artbeads/htmlarea/popups/images WS_FTP.LOG
2005.02.15 16:01 B D:\data\packige\asp용웹에디터\htmlarea\popups\images\editor_bgcolor.gif --> artbeads.open4000.com /c:/webhosting/artbeads/htmlarea/popups/images editor_bgcolor.gif
2005.02.15 16:01 B D:\data\packige\asp용웹에디터\htmlarea\popups\images\editor_bold.gif --> artbeads.open4000.com /c:/webhosting/artbeads/htmlarea/popups/images editor_bold.gif
2005.02.15 16:01 B D:\data\packige\asp용웹에디터\htmlarea\popups\images\editor_bottom.gif --> artbeads.open4000.com /c:/webhosting/artbeads/htmlarea/popups/images editor_bottom.gif
2005.02.15 16:01 B D:\data\packige\asp용웹에디터\htmlarea\popups\images\editor_center.gif --> artbeads.open4000.com /c:/webhosting/artbeads/htmlarea/popups/images editor_center.gif
2005.02.15 16:01 B D:\data\packige\asp용웹에디터\htmlarea\popups\images\editor_headline.gif --> artbeads.open4000.com /c:/webhosting/artbeads/htmlarea/popups/images editor_headline.gif
2005.02.15 16:01 B D:\data\packige\asp용웹에디터\htmlarea\popups\images\editor_help.gif --> artbeads.open4000.com /c:/webhosting/artbeads/htmlarea/popups/images editor_help.gif
2005.02.15 16:01 B D:\data\packige\asp용웹에디터\htmlarea\popups\images\editor_in.gif --> artbeads.open4000.com /c:/webhosting/artbeads/htmlarea/popups/images editor_in.gif
2005.02.15 16:01 B D:\data\packige\asp용웹에디터\htmlarea\popups\images\editor_itel.gif --> artbeads.open4000.com /c:/webhosting/artbeads/htmlarea/popups/images editor_itel.gif
2005.02.15 16:01 B D:\data\packige\asp용웹에디터\htmlarea\popups\images\editor_jum.gif --> artbeads.open4000.com /c:/webhosting/artbeads/htmlarea/popups/images editor_jum.gif
2005.02.15 16:01 B D:\data\packige\asp용웹에디터\htmlarea\popups\images\editor_left.gif --> artbeads.open4000.com /c:/webhosting/artbeads/htmlarea/popups/images editor_left.gif
2005.02.15 16:01 B D:\data\packige\asp용웹에디터\htmlarea\popups\images\editor_line.gif --> artbeads.open4000.com /c:/webhosting/artbeads/htmlarea/popups/images editor_line.gif
2005.02.15 16:01 B D:\data\packige\asp용웹에디터\htmlarea\popups\images\editor_link.gif --> artbeads.open4000.com /c:/webhosting/artbeads/htmlarea/popups/images editor_link.gif
2005.02.15 16:01 B D:\data\packige\asp용웹에디터\htmlarea\popups\images\editor_mem.gif --> artbeads.open4000.com /c:/webhosting/artbeads/htmlarea/popups/images editor_mem.gif
2005.02.15 16:01 B D:\data\packige\asp용웹에디터\htmlarea\popups\images\editor_option.gif --> artbeads.open4000.com /c:/webhosting/artbeads/htmlarea/popups/images editor_option.gif
2005.02.15 16:01 B D:\data\packige\asp용웹에디터\htmlarea\popups\images\editor_out.gif --> artbeads.open4000.com /c:/webhosting/artbeads/htmlarea/popups/images editor_out.gif
2005.02.15 16:01 B D:\data\packige\asp용웹에디터\htmlarea\popups\images\editor_pic.gif --> artbeads.open4000.com /c:/webhosting/artbeads/htmlarea/popups/images editor_pic.gif
2005.02.15 16:01 B D:\data\packige\asp용웹에디터\htmlarea\popups\images\editor_right.gif --> artbeads.open4000.com /c:/webhosting/artbeads/htmlarea/popups/images editor_right.gif
2005.02.15 16:01 B D:\data\packige\asp용웹에디터\htmlarea\popups\images\editor_size.gif --> artbeads.open4000.com /c:/webhosting/artbeads/htmlarea/popups/images editor_size.gif
2005.02.15 16:01 B D:\data\packige\asp용웹에디터\htmlarea\popups\images\editor_table.gif --> artbeads.open4000.com /c:/webhosting/artbeads/htmlarea/popups/images editor_table.gif
2005.02.15 16:01 B D:\data\packige\asp용웹에디터\htmlarea\popups\images\editor_tag.gif --> artbeads.open4000.com /c:/webhosting/artbeads/htmlarea/popups/images editor_tag.gif
2005.02.15 16:01 B D:\data\packige\asp용웹에디터\htmlarea\popups\images\editor_text.gif --> artbeads.open4000.com /c:/webhosting/artbeads/htmlarea/popups/images editor_text.gif
2005.02.15 16:01 B D:\data\packige\asp용웹에디터\htmlarea\popups\images\editor_textcolor.gif --> artbeads.open4000.com /c:/webhosting/artbeads/htmlarea/popups/images editor_textcolor.gif
2005.02.15 16:01 B D:\data\packige\asp용웹에디터\htmlarea\popups\images\editor_top.gif --> artbeads.open4000.com /c:/webhosting/artbeads/htmlarea/popups/images editor_top.gif
2005.02.15 16:01 B D:\data\packige\asp용웹에디터\htmlarea\popups\images\editor_top2.gif --> artbeads.open4000.com /c:/webhosting/artbeads/htmlarea/popups/images editor_top2.gif
2005.02.15 16:01 B D:\data\packige\asp용웹에디터\htmlarea\popups\images\editor_underline.gif --> artbeads.open4000.com /c:/webhosting/artbeads/htmlarea/popups/images editor_underline.gif
2005.02.15 16:01 B D:\data\packige\asp용웹에디터\htmlarea\popups\images\Loading-Bar.gif --> artbeads.open4000.com /c:/webhosting/artbeads/htmlarea/popups/images Loading-Bar.gif
2005.02.15 16:01 B D:\data\packige\asp용웹에디터\htmlarea\popups\images\WS_FTP.LOG --> artbeads.open4000.com /c:/webhosting/artbeads/htmlarea/popups/images WS_FTP.LOG
2005.02.15 16:11 B D:\data\packige\asp용웹에디터\htmlarea\popups\images\editor_bgcolor.gif --> artbeads.open4000.com /c:/webhosting/artbeads/htmlarea/popups/images editor_bgcolor.gif
2005.02.15 16:11 B D:\data\packige\asp용웹에디터\htmlarea\popups\images\editor_bold.gif --> artbeads.open4000.com /c:/webhosting/artbeads/htmlarea/popups/images editor_bold.gif
2005.02.15 16:11 B D:\data\packige\asp용웹에디터\htmlarea\popups\images\editor_bottom.gif --> artbeads.open4000.com /c:/webhosting/artbeads/htmlarea/popups/images editor_bottom.gif
2005.02.15 16:11 B D:\data\packige\asp용웹에디터\htmlarea\popups\images\editor_center.gif --> artbeads.open4000.com /c:/webhosting/artbeads/htmlarea/popups/images editor_center.gif
2005.02.15 16:11 B D:\data\packige\asp용웹에디터\htmlarea\popups\images\editor_headline.gif --> artbeads.open4000.com /c:/webhosting/artbeads/htmlarea/popups/images editor_headline.gif
2005.02.15 16:11 B D:\data\packige\asp용웹에디터\htmlarea\popups\images\editor_help.gif --> artbeads.open4000.com /c:/webhosting/artbeads/htmlarea/popups/images editor_help.gif
2005.02.15 16:11 B D:\data\packige\asp용웹에디터\htmlarea\popups\images\editor_in.gif --> artbeads.open4000.com /c:/webhosting/artbeads/htmlarea/popups/images editor_in.gif
2005.02.15 16:11 B D:\data\packige\asp용웹에디터\htmlarea\popups\images\editor_itel.gif --> artbeads.open4000.com /c:/webhosting/artbeads/htmlarea/popups/images editor_itel.gif
2005.02.15 16:11 B D:\data\packige\asp용웹에디터\htmlarea\popups\images\editor_jum.gif --> artbeads.open4000.com /c:/webhosting/artbeads/htmlarea/popups/images editor_jum.gif
2005.02.15 16:11 B D:\data\packige\asp용웹에디터\htmlarea\popups\images\editor_left.gif --> artbeads.open4000.com /c:/webhosting/artbeads/htmlarea/popups/images editor_left.gif
2005.02.15 16:11 B D:\data\packige\asp용웹에디터\htmlarea\popups\images\editor_line.gif --> artbeads.open4000.com /c:/webhosting/artbeads/htmlarea/popups/images editor_line.gif
2005.02.15 16:11 B D:\data\packige\asp용웹에디터\htmlarea\popups\images\editor_link.gif --> artbeads.open4000.com /c:/webhosting/artbeads/htmlarea/popups/images editor_link.gif
2005.02.15 16:11 B D:\data\packige\asp용웹에디터\htmlarea\popups\images\editor_mem.gif --> artbeads.open4000.com /c:/webhosting/artbeads/htmlarea/popups/images editor_mem.gif
2005.02.15 16:11 B D:\data\packige\asp용웹에디터\htmlarea\popups\images\editor_option.gif --> artbeads.open4000.com /c:/webhosting/artbeads/htmlarea/popups/images editor_option.gif
2005.02.15 16:11 B D:\data\packige\asp용웹에디터\htmlarea\popups\images\editor_out.gif --> artbeads.open4000.com /c:/webhosting/artbeads/htmlarea/popups/images editor_out.gif
2005.02.15 16:11 B D:\data\packige\asp용웹에디터\htmlarea\popups\images\editor_pic.gif --> artbeads.open4000.com /c:/webhosting/artbeads/htmlarea/popups/images editor_pic.gif
2005.02.15 16:11 B D:\data\packige\asp용웹에디터\htmlarea\popups\images\editor_right.gif --> artbeads.open4000.com /c:/webhosting/artbeads/htmlarea/popups/images editor_right.gif
2005.02.15 16:11 B D:\data\packige\asp용웹에디터\htmlarea\popups\images\editor_size.gif --> artbeads.open4000.com /c:/webhosting/artbeads/htmlarea/popups/images editor_size.gif
2005.02.15 16:11 B D:\data\packige\asp용웹에디터\htmlarea\popups\images\editor_table.gif --> artbeads.open4000.com /c:/webhosting/artbeads/htmlarea/popups/images editor_table.gif
2005.02.15 16:11 B D:\data\packige\asp용웹에디터\htmlarea\popups\images\editor_tag.gif --> artbeads.open4000.com /c:/webhosting/artbeads/htmlarea/popups/images editor_tag.gif
2005.02.15 16:11 B D:\data\packige\asp용웹에디터\htmlarea\popups\images\editor_text.gif --> artbeads.open4000.com /c:/webhosting/artbeads/htmlarea/popups/images editor_text.gif
2005.02.15 16:11 B D:\data\packige\asp용웹에디터\htmlarea\popups\images\editor_textcolor.gif --> artbeads.open4000.com /c:/webhosting/artbeads/htmlarea/popups/images editor_textcolor.gif
2005.02.15 16:11 B D:\data\packige\asp용웹에디터\htmlarea\popups\images\editor_top.gif --> artbeads.open4000.com /c:/webhosting/artbeads/htmlarea/popups/images editor_top.gif
2005.02.15 16:11 B D:\data\packige\asp용웹에디터\htmlarea\popups\images\editor_top2.gif --> artbeads.open4000.com /c:/webhosting/artbeads/htmlarea/popups/images editor_top2.gif
2005.02.15 16:11 B D:\data\packige\asp용웹에디터\htmlarea\popups\images\editor_underline.gif --> artbeads.open4000.com /c:/webhosting/artbeads/htmlarea/popups/images editor_underline.gif
2005.02.15 16:11 B D:\data\packige\asp용웹에디터\htmlarea\popups\images\Loading-Bar.gif --> artbeads.open4000.com /c:/webhosting/artbeads/htmlarea/popups/images Loading-Bar.gif
2005.02.15 16:11 B D:\data\packige\asp용웹에디터\htmlarea\popups\images\WS_FTP.LOG --> artbeads.open4000.com /c:/webhosting/artbeads/htmlarea/popups/images WS_FTP.LOG
2005.02.15 17:10 B D:\data\packige\asp용웹에디터\htmlarea\popups\images\editor_bgcolor.gif --> artbeads.open4000.com /c:/webhosting/artbeads/manager/htmlarea/popups/images editor_bgcolor.gif
2005.02.15 17:10 B D:\data\packige\asp용웹에디터\htmlarea\popups\images\editor_bold.gif --> artbeads.open4000.com /c:/webhosting/artbeads/manager/htmlarea/popups/images editor_bold.gif
2005.02.15 17:10 B D:\data\packige\asp용웹에디터\htmlarea\popups\images\editor_bottom.gif --> artbeads.open4000.com /c:/webhosting/artbeads/manager/htmlarea/popups/images editor_bottom.gif
2005.02.15 17:10 B D:\data\packige\asp용웹에디터\htmlarea\popups\images\editor_center.gif --> artbeads.open4000.com /c:/webhosting/artbeads/manager/htmlarea/popups/images editor_center.gif
2005.02.15 17:10 B D:\data\packige\asp용웹에디터\htmlarea\popups\images\editor_headline.gif --> artbeads.open4000.com /c:/webhosting/artbeads/manager/htmlarea/popups/images editor_headline.gif
2005.02.15 17:10 B D:\data\packige\asp용웹에디터\htmlarea\popups\images\editor_help.gif --> artbeads.open4000.com /c:/webhosting/artbeads/manager/htmlarea/popups/images editor_help.gif
2005.02.15 17:10 B D:\data\packige\asp용웹에디터\htmlarea\popups\images\editor_in.gif --> artbeads.open4000.com /c:/webhosting/artbeads/manager/htmlarea/popups/images editor_in.gif
2005.02.15 17:10 B D:\data\packige\asp용웹에디터\htmlarea\popups\images\editor_itel.gif --> artbeads.open4000.com /c:/webhosting/artbeads/manager/htmlarea/popups/images editor_itel.gif
2005.02.15 17:10 B D:\data\packige\asp용웹에디터\htmlarea\popups\images\editor_jum.gif --> artbeads.open4000.com /c:/webhosting/artbeads/manager/htmlarea/popups/images editor_jum.gif
2005.02.15 17:10 B D:\data\packige\asp용웹에디터\htmlarea\popups\images\editor_left.gif --> artbeads.open4000.com /c:/webhosting/artbeads/manager/htmlarea/popups/images editor_left.gif
2005.02.15 17:10 B D:\data\packige\asp용웹에디터\htmlarea\popups\images\editor_line.gif --> artbeads.open4000.com /c:/webhosting/artbeads/manager/htmlarea/popups/images editor_line.gif
2005.02.15 17:10 B D:\data\packige\asp용웹에디터\htmlarea\popups\images\editor_link.gif --> artbeads.open4000.com /c:/webhosting/artbeads/manager/htmlarea/popups/images editor_link.gif
2005.02.15 17:10 B D:\data\packige\asp용웹에디터\htmlarea\popups\images\editor_mem.gif --> artbeads.open4000.com /c:/webhosting/artbeads/manager/htmlarea/popups/images editor_mem.gif
2005.02.15 17:10 B D:\data\packige\asp용웹에디터\htmlarea\popups\images\editor_option.gif --> artbeads.open4000.com /c:/webhosting/artbeads/manager/htmlarea/popups/images editor_option.gif
2005.02.15 17:10 B D:\data\packige\asp용웹에디터\htmlarea\popups\images\editor_out.gif --> artbeads.open4000.com /c:/webhosting/artbeads/manager/htmlarea/popups/images editor_out.gif
2005.02.15 17:10 B D:\data\packige\asp용웹에디터\htmlarea\popups\images\editor_pic.gif --> artbeads.open4000.com /c:/webhosting/artbeads/manager/htmlarea/popups/images editor_pic.gif
2005.02.15 17:10 B D:\data\packige\asp용웹에디터\htmlarea\popups\images\editor_right.gif --> artbeads.open4000.com /c:/webhosting/artbeads/manager/htmlarea/popups/images editor_right.gif
2005.02.15 17:10 B D:\data\packige\asp용웹에디터\htmlarea\popups\images\editor_size.gif --> artbeads.open4000.com /c:/webhosting/artbeads/manager/htmlarea/popups/images editor_size.gif
2005.02.15 17:10 B D:\data\packige\asp용웹에디터\htmlarea\popups\images\editor_table.gif --> artbeads.open4000.com /c:/webhosting/artbeads/manager/htmlarea/popups/images editor_table.gif
2005.02.15 17:10 B D:\data\packige\asp용웹에디터\htmlarea\popups\images\editor_tag.gif --> artbeads.open4000.com /c:/webhosting/artbeads/manager/htmlarea/popups/images editor_tag.gif
2005.02.15 17:10 B D:\data\packige\asp용웹에디터\htmlarea\popups\images\editor_text.gif --> artbeads.open4000.com /c:/webhosting/artbeads/manager/htmlarea/popups/images editor_text.gif
2005.02.15 17:10 B D:\data\packige\asp용웹에디터\htmlarea\popups\images\editor_textcolor.gif --> artbeads.open4000.com /c:/webhosting/artbeads/manager/htmlarea/popups/images editor_textcolor.gif
2005.02.15 17:10 B D:\data\packige\asp용웹에디터\htmlarea\popups\images\editor_top.gif --> artbeads.open4000.com /c:/webhosting/artbeads/manager/htmlarea/popups/images editor_top.gif
2005.02.15 17:10 B D:\data\packige\asp용웹에디터\htmlarea\popups\images\editor_top2.gif --> artbeads.open4000.com /c:/webhosting/artbeads/manager/htmlarea/popups/images editor_top2.gif
2005.02.15 17:10 B D:\data\packige\asp용웹에디터\htmlarea\popups\images\editor_underline.gif --> artbeads.open4000.com /c:/webhosting/artbeads/manager/htmlarea/popups/images editor_underline.gif
2005.02.15 17:10 B D:\data\packige\asp용웹에디터\htmlarea\popups\images\Loading-Bar.gif --> artbeads.open4000.com /c:/webhosting/artbeads/manager/htmlarea/popups/images Loading-Bar.gif
