2005.02.15 09:24 B D:\data\packige\asp웹에디터\htmlarea\images\ed_about.gif <-- jumprope /c:/webhosting/jumprope/htmlarea/images ed_about.gif
2005.02.15 09:24 B D:\data\packige\asp웹에디터\htmlarea\images\ed_align_center.gif <-- jumprope /c:/webhosting/jumprope/htmlarea/images ed_align_center.gif
2005.02.15 09:24 B D:\data\packige\asp웹에디터\htmlarea\images\ed_align_left.gif <-- jumprope /c:/webhosting/jumprope/htmlarea/images ed_align_left.gif
2005.02.15 09:24 B D:\data\packige\asp웹에디터\htmlarea\images\ed_align_right.gif <-- jumprope /c:/webhosting/jumprope/htmlarea/images ed_align_right.gif
2005.02.15 09:24 B D:\data\packige\asp웹에디터\htmlarea\images\ed_blank.gif <-- jumprope /c:/webhosting/jumprope/htmlarea/images ed_blank.gif
2005.02.15 09:24 B D:\data\packige\asp웹에디터\htmlarea\images\ed_charmap.gif <-- jumprope /c:/webhosting/jumprope/htmlarea/images ed_charmap.gif
2005.02.15 09:24 B D:\data\packige\asp웹에디터\htmlarea\images\ed_color_bg.gif <-- jumprope /c:/webhosting/jumprope/htmlarea/images ed_color_bg.gif
2005.02.15 09:24 B D:\data\packige\asp웹에디터\htmlarea\images\ed_color_fg.gif <-- jumprope /c:/webhosting/jumprope/htmlarea/images ed_color_fg.gif
2005.02.15 09:24 B D:\data\packige\asp웹에디터\htmlarea\images\ed_copy.gif <-- jumprope /c:/webhosting/jumprope/htmlarea/images ed_copy.gif
2005.02.15 09:24 B D:\data\packige\asp웹에디터\htmlarea\images\ed_custom.gif <-- jumprope /c:/webhosting/jumprope/htmlarea/images ed_custom.gif
2005.02.15 09:24 B D:\data\packige\asp웹에디터\htmlarea\images\ed_cut.gif <-- jumprope /c:/webhosting/jumprope/htmlarea/images ed_cut.gif
2005.02.15 09:24 B D:\data\packige\asp웹에디터\htmlarea\images\ed_delete.gif <-- jumprope /c:/webhosting/jumprope/htmlarea/images ed_delete.gif
2005.02.15 09:24 B D:\data\packige\asp웹에디터\htmlarea\images\ed_format_bold.gif <-- jumprope /c:/webhosting/jumprope/htmlarea/images ed_format_bold.gif
2005.02.15 09:24 B D:\data\packige\asp웹에디터\htmlarea\images\ed_format_italic.gif <-- jumprope /c:/webhosting/jumprope/htmlarea/images ed_format_italic.gif
2005.02.15 09:24 B D:\data\packige\asp웹에디터\htmlarea\images\ed_format_strike.gif <-- jumprope /c:/webhosting/jumprope/htmlarea/images ed_format_strike.gif
2005.02.15 09:24 B D:\data\packige\asp웹에디터\htmlarea\images\ed_format_sub.gif <-- jumprope /c:/webhosting/jumprope/htmlarea/images ed_format_sub.gif
2005.02.15 09:24 B D:\data\packige\asp웹에디터\htmlarea\images\ed_format_sup.gif <-- jumprope /c:/webhosting/jumprope/htmlarea/images ed_format_sup.gif
2005.02.15 09:24 B D:\data\packige\asp웹에디터\htmlarea\images\ed_format_underline.gif <-- jumprope /c:/webhosting/jumprope/htmlarea/images ed_format_underline.gif
2005.02.15 09:24 B D:\data\packige\asp웹에디터\htmlarea\images\ed_help.gif <-- jumprope /c:/webhosting/jumprope/htmlarea/images ed_help.gif
2005.02.15 09:24 B D:\data\packige\asp웹에디터\htmlarea\images\ed_hr.gif <-- jumprope /c:/webhosting/jumprope/htmlarea/images ed_hr.gif
2005.02.15 09:24 B D:\data\packige\asp웹에디터\htmlarea\images\ed_html.gif <-- jumprope /c:/webhosting/jumprope/htmlarea/images ed_html.gif
2005.02.15 09:24 B D:\data\packige\asp웹에디터\htmlarea\images\ed_image.gif <-- jumprope /c:/webhosting/jumprope/htmlarea/images ed_image.gif
2005.02.15 09:24 B D:\data\packige\asp웹에디터\htmlarea\images\ed_indent_less.gif <-- jumprope /c:/webhosting/jumprope/htmlarea/images ed_indent_less.gif
2005.02.15 09:24 B D:\data\packige\asp웹에디터\htmlarea\images\ed_indent_more.gif <-- jumprope /c:/webhosting/jumprope/htmlarea/images ed_indent_more.gif
2005.02.15 09:24 B D:\data\packige\asp웹에디터\htmlarea\images\ed_link.gif <-- jumprope /c:/webhosting/jumprope/htmlarea/images ed_link.gif
2005.02.15 09:24 B D:\data\packige\asp웹에디터\htmlarea\images\ed_list_bullet.gif <-- jumprope /c:/webhosting/jumprope/htmlarea/images ed_list_bullet.gif
2005.02.15 09:24 B D:\data\packige\asp웹에디터\htmlarea\images\ed_list_num.gif <-- jumprope /c:/webhosting/jumprope/htmlarea/images ed_list_num.gif
2005.02.15 09:24 B D:\data\packige\asp웹에디터\htmlarea\images\ed_redo.gif <-- jumprope /c:/webhosting/jumprope/htmlarea/images ed_redo.gif
2005.02.15 09:24 B D:\data\packige\asp웹에디터\htmlarea\images\ed_undo.gif <-- jumprope /c:/webhosting/jumprope/htmlarea/images ed_undo.gif
2005.02.15 09:24 B D:\data\packige\asp웹에디터\htmlarea\images\fullscreen_maximize.gif <-- jumprope /c:/webhosting/jumprope/htmlarea/images fullscreen_maximize.gif
2005.02.15 09:24 B D:\data\packige\asp웹에디터\htmlarea\images\fullscreen_minimize.gif <-- jumprope /c:/webhosting/jumprope/htmlarea/images fullscreen_minimize.gif
2005.02.15 09:24 B D:\data\packige\asp웹에디터\htmlarea\images\insert_table.gif <-- jumprope /c:/webhosting/jumprope/htmlarea/images insert_table.gif
2005.02.15 15:17 B D:\data\packige\asp용웹에디터\htmlarea\images\ed_about.gif --> artbeads.open4000.com /c:/webhosting/artbeads/asp용웹에디터/htmlarea/images ed_about.gif
2005.02.15 15:17 B D:\data\packige\asp용웹에디터\htmlarea\images\ed_align_center.gif --> artbeads.open4000.com /c:/webhosting/artbeads/asp용웹에디터/htmlarea/images ed_align_center.gif
2005.02.15 15:17 B D:\data\packige\asp용웹에디터\htmlarea\images\ed_align_left.gif --> artbeads.open4000.com /c:/webhosting/artbeads/asp용웹에디터/htmlarea/images ed_align_left.gif
2005.02.15 15:17 B D:\data\packige\asp용웹에디터\htmlarea\images\ed_align_right.gif --> artbeads.open4000.com /c:/webhosting/artbeads/asp용웹에디터/htmlarea/images ed_align_right.gif
2005.02.15 15:17 B D:\data\packige\asp용웹에디터\htmlarea\images\ed_blank.gif --> artbeads.open4000.com /c:/webhosting/artbeads/asp용웹에디터/htmlarea/images ed_blank.gif
2005.02.15 15:17 B D:\data\packige\asp용웹에디터\htmlarea\images\ed_charmap.gif --> artbeads.open4000.com /c:/webhosting/artbeads/asp용웹에디터/htmlarea/images ed_charmap.gif
2005.02.15 15:17 B D:\data\packige\asp용웹에디터\htmlarea\images\ed_color_bg.gif --> artbeads.open4000.com /c:/webhosting/artbeads/asp용웹에디터/htmlarea/images ed_color_bg.gif
2005.02.15 15:17 B D:\data\packige\asp용웹에디터\htmlarea\images\ed_color_fg.gif --> artbeads.open4000.com /c:/webhosting/artbeads/asp용웹에디터/htmlarea/images ed_color_fg.gif
2005.02.15 15:17 B D:\data\packige\asp용웹에디터\htmlarea\images\ed_copy.gif --> artbeads.open4000.com /c:/webhosting/artbeads/asp용웹에디터/htmlarea/images ed_copy.gif
2005.02.15 15:18 B D:\data\packige\asp용웹에디터\htmlarea\images\ed_about.gif --> artbeads.open4000.com /c:/webhosting/artbeads/htmlarea/images ed_about.gif
2005.02.15 15:18 B D:\data\packige\asp용웹에디터\htmlarea\images\ed_align_center.gif --> artbeads.open4000.com /c:/webhosting/artbeads/htmlarea/images ed_align_center.gif
2005.02.15 15:18 B D:\data\packige\asp용웹에디터\htmlarea\images\ed_align_left.gif --> artbeads.open4000.com /c:/webhosting/artbeads/htmlarea/images ed_align_left.gif
2005.02.15 15:18 B D:\data\packige\asp용웹에디터\htmlarea\images\ed_align_right.gif --> artbeads.open4000.com /c:/webhosting/artbeads/htmlarea/images ed_align_right.gif
2005.02.15 15:18 B D:\data\packige\asp용웹에디터\htmlarea\images\ed_blank.gif --> artbeads.open4000.com /c:/webhosting/artbeads/htmlarea/images ed_blank.gif
2005.02.15 15:18 B D:\data\packige\asp용웹에디터\htmlarea\images\ed_charmap.gif --> artbeads.open4000.com /c:/webhosting/artbeads/htmlarea/images ed_charmap.gif
2005.02.15 15:18 B D:\data\packige\asp용웹에디터\htmlarea\images\ed_color_bg.gif --> artbeads.open4000.com /c:/webhosting/artbeads/htmlarea/images ed_color_bg.gif
2005.02.15 15:18 B D:\data\packige\asp용웹에디터\htmlarea\images\ed_color_fg.gif --> artbeads.open4000.com /c:/webhosting/artbeads/htmlarea/images ed_color_fg.gif
2005.02.15 15:18 B D:\data\packige\asp용웹에디터\htmlarea\images\ed_copy.gif --> artbeads.open4000.com /c:/webhosting/artbeads/htmlarea/images ed_copy.gif
2005.02.15 15:18 B D:\data\packige\asp용웹에디터\htmlarea\images\ed_custom.gif --> artbeads.open4000.com /c:/webhosting/artbeads/htmlarea/images ed_custom.gif
2005.02.15 15:18 B D:\data\packige\asp용웹에디터\htmlarea\images\ed_cut.gif --> artbeads.open4000.com /c:/webhosting/artbeads/htmlarea/images ed_cut.gif
2005.02.15 15:18 B D:\data\packige\asp용웹에디터\htmlarea\images\ed_delete.gif --> artbeads.open4000.com /c:/webhosting/artbeads/htmlarea/images ed_delete.gif
2005.02.15 15:18 B D:\data\packige\asp용웹에디터\htmlarea\images\ed_format_bold.gif --> artbeads.open4000.com /c:/webhosting/artbeads/htmlarea/images ed_format_bold.gif
2005.02.15 15:18 B D:\data\packige\asp용웹에디터\htmlarea\images\ed_format_italic.gif --> artbeads.open4000.com /c:/webhosting/artbeads/htmlarea/images ed_format_italic.gif
2005.02.15 15:18 B D:\data\packige\asp용웹에디터\htmlarea\images\ed_format_strike.gif --> artbeads.open4000.com /c:/webhosting/artbeads/htmlarea/images ed_format_strike.gif
2005.02.15 15:18 B D:\data\packige\asp용웹에디터\htmlarea\images\ed_format_sub.gif --> artbeads.open4000.com /c:/webhosting/artbeads/htmlarea/images ed_format_sub.gif
2005.02.15 15:18 B D:\data\packige\asp용웹에디터\htmlarea\images\ed_format_sup.gif --> artbeads.open4000.com /c:/webhosting/artbeads/htmlarea/images ed_format_sup.gif
2005.02.15 15:18 B D:\data\packige\asp용웹에디터\htmlarea\images\ed_format_underline.gif --> artbeads.open4000.com /c:/webhosting/artbeads/htmlarea/images ed_format_underline.gif
2005.02.15 15:18 B D:\data\packige\asp용웹에디터\htmlarea\images\ed_help.gif --> artbeads.open4000.com /c:/webhosting/artbeads/htmlarea/images ed_help.gif
2005.02.15 15:18 B D:\data\packige\asp용웹에디터\htmlarea\images\ed_hr.gif --> artbeads.open4000.com /c:/webhosting/artbeads/htmlarea/images ed_hr.gif
2005.02.15 15:18 B D:\data\packige\asp용웹에디터\htmlarea\images\ed_html.gif --> artbeads.open4000.com /c:/webhosting/artbeads/htmlarea/images ed_html.gif
2005.02.15 15:18 B D:\data\packige\asp용웹에디터\htmlarea\images\ed_image.gif --> artbeads.open4000.com /c:/webhosting/artbeads/htmlarea/images ed_image.gif
2005.02.15 15:18 B D:\data\packige\asp용웹에디터\htmlarea\images\ed_indent_less.gif --> artbeads.open4000.com /c:/webhosting/artbeads/htmlarea/images ed_indent_less.gif
2005.02.15 15:18 B D:\data\packige\asp용웹에디터\htmlarea\images\ed_indent_more.gif --> artbeads.open4000.com /c:/webhosting/artbeads/htmlarea/images ed_indent_more.gif
2005.02.15 15:18 B D:\data\packige\asp용웹에디터\htmlarea\images\ed_link.gif --> artbeads.open4000.com /c:/webhosting/artbeads/htmlarea/images ed_link.gif
2005.02.15 15:18 B D:\data\packige\asp용웹에디터\htmlarea\images\ed_list_bullet.gif --> artbeads.open4000.com /c:/webhosting/artbeads/htmlarea/images ed_list_bullet.gif
2005.02.15 15:18 B D:\data\packige\asp용웹에디터\htmlarea\images\ed_list_num.gif --> artbeads.open4000.com /c:/webhosting/artbeads/htmlarea/images ed_list_num.gif
2005.02.15 15:18 B D:\data\packige\asp용웹에디터\htmlarea\images\ed_redo.gif --> artbeads.open4000.com /c:/webhosting/artbeads/htmlarea/images ed_redo.gif
2005.02.15 15:18 B D:\data\packige\asp용웹에디터\htmlarea\images\ed_undo.gif --> artbeads.open4000.com /c:/webhosting/artbeads/htmlarea/images ed_undo.gif
2005.02.15 15:18 B D:\data\packige\asp용웹에디터\htmlarea\images\fullscreen_maximize.gif --> artbeads.open4000.com /c:/webhosting/artbeads/htmlarea/images fullscreen_maximize.gif
2005.02.15 15:18 B D:\data\packige\asp용웹에디터\htmlarea\images\fullscreen_minimize.gif --> artbeads.open4000.com /c:/webhosting/artbeads/htmlarea/images fullscreen_minimize.gif
2005.02.15 15:18 B D:\data\packige\asp용웹에디터\htmlarea\images\insert_table.gif --> artbeads.open4000.com /c:/webhosting/artbeads/htmlarea/images insert_table.gif
2005.02.15 15:18 B D:\data\packige\asp용웹에디터\htmlarea\images\WS_FTP.LOG --> artbeads.open4000.com /c:/webhosting/artbeads/htmlarea/images WS_FTP.LOG
2005.02.15 16:11 B D:\data\packige\asp용웹에디터\htmlarea\images\ed_about.gif --> artbeads.open4000.com /c:/webhosting/artbeads/htmlarea/images ed_about.gif
2005.02.15 16:11 B D:\data\packige\asp용웹에디터\htmlarea\images\ed_align_center.gif --> artbeads.open4000.com /c:/webhosting/artbeads/htmlarea/images ed_align_center.gif
2005.02.15 16:11 B D:\data\packige\asp용웹에디터\htmlarea\images\ed_align_left.gif --> artbeads.open4000.com /c:/webhosting/artbeads/htmlarea/images ed_align_left.gif
2005.02.15 16:11 B D:\data\packige\asp용웹에디터\htmlarea\images\ed_align_right.gif --> artbeads.open4000.com /c:/webhosting/artbeads/htmlarea/images ed_align_right.gif
2005.02.15 16:11 B D:\data\packige\asp용웹에디터\htmlarea\images\ed_blank.gif --> artbeads.open4000.com /c:/webhosting/artbeads/htmlarea/images ed_blank.gif
2005.02.15 16:11 B D:\data\packige\asp용웹에디터\htmlarea\images\ed_charmap.gif --> artbeads.open4000.com /c:/webhosting/artbeads/htmlarea/images ed_charmap.gif
2005.02.15 16:11 B D:\data\packige\asp용웹에디터\htmlarea\images\ed_color_bg.gif --> artbeads.open4000.com /c:/webhosting/artbeads/htmlarea/images ed_color_bg.gif
2005.02.15 16:11 B D:\data\packige\asp용웹에디터\htmlarea\images\ed_color_fg.gif --> artbeads.open4000.com /c:/webhosting/artbeads/htmlarea/images ed_color_fg.gif
2005.02.15 16:11 B D:\data\packige\asp용웹에디터\htmlarea\images\ed_copy.gif --> artbeads.open4000.com /c:/webhosting/artbeads/htmlarea/images ed_copy.gif
2005.02.15 16:11 B D:\data\packige\asp용웹에디터\htmlarea\images\ed_custom.gif --> artbeads.open4000.com /c:/webhosting/artbeads/htmlarea/images ed_custom.gif
2005.02.15 16:11 B D:\data\packige\asp용웹에디터\htmlarea\images\ed_cut.gif --> artbeads.open4000.com /c:/webhosting/artbeads/htmlarea/images ed_cut.gif
2005.02.15 16:11 B D:\data\packige\asp용웹에디터\htmlarea\images\ed_delete.gif --> artbeads.open4000.com /c:/webhosting/artbeads/htmlarea/images ed_delete.gif
2005.02.15 16:11 B D:\data\packige\asp용웹에디터\htmlarea\images\ed_format_bold.gif --> artbeads.open4000.com /c:/webhosting/artbeads/htmlarea/images ed_format_bold.gif
2005.02.15 16:11 B D:\data\packige\asp용웹에디터\htmlarea\images\ed_format_italic.gif --> artbeads.open4000.com /c:/webhosting/artbeads/htmlarea/images ed_format_italic.gif
2005.02.15 16:11 B D:\data\packige\asp용웹에디터\htmlarea\images\ed_format_strike.gif --> artbeads.open4000.com /c:/webhosting/artbeads/htmlarea/images ed_format_strike.gif
2005.02.15 16:11 B D:\data\packige\asp용웹에디터\htmlarea\images\ed_format_sub.gif --> artbeads.open4000.com /c:/webhosting/artbeads/htmlarea/images ed_format_sub.gif
2005.02.15 16:11 B D:\data\packige\asp용웹에디터\htmlarea\images\ed_format_sup.gif --> artbeads.open4000.com /c:/webhosting/artbeads/htmlarea/images ed_format_sup.gif
2005.02.15 16:11 B D:\data\packige\asp용웹에디터\htmlarea\images\ed_format_underline.gif --> artbeads.open4000.com /c:/webhosting/artbeads/htmlarea/images ed_format_underline.gif
2005.02.15 16:11 B D:\data\packige\asp용웹에디터\htmlarea\images\ed_help.gif --> artbeads.open4000.com /c:/webhosting/artbeads/htmlarea/images ed_help.gif
2005.02.15 16:11 B D:\data\packige\asp용웹에디터\htmlarea\images\ed_hr.gif --> artbeads.open4000.com /c:/webhosting/artbeads/htmlarea/images ed_hr.gif
2005.02.15 16:11 B D:\data\packige\asp용웹에디터\htmlarea\images\ed_html.gif --> artbeads.open4000.com /c:/webhosting/artbeads/htmlarea/images ed_html.gif
2005.02.15 16:11 B D:\data\packige\asp용웹에디터\htmlarea\images\ed_image.gif --> artbeads.open4000.com /c:/webhosting/artbeads/htmlarea/images ed_image.gif
2005.02.15 16:11 B D:\data\packige\asp용웹에디터\htmlarea\images\ed_indent_less.gif --> artbeads.open4000.com /c:/webhosting/artbeads/htmlarea/images ed_indent_less.gif
2005.02.15 16:11 B D:\data\packige\asp용웹에디터\htmlarea\images\ed_indent_more.gif --> artbeads.open4000.com /c:/webhosting/artbeads/htmlarea/images ed_indent_more.gif
2005.02.15 16:11 B D:\data\packige\asp용웹에디터\htmlarea\images\ed_link.gif --> artbeads.open4000.com /c:/webhosting/artbeads/htmlarea/images ed_link.gif
2005.02.15 16:11 B D:\data\packige\asp용웹에디터\htmlarea\images\ed_list_bullet.gif --> artbeads.open4000.com /c:/webhosting/artbeads/htmlarea/images ed_list_bullet.gif
2005.02.15 16:11 B D:\data\packige\asp용웹에디터\htmlarea\images\ed_list_num.gif --> artbeads.open4000.com /c:/webhosting/artbeads/htmlarea/images ed_list_num.gif
2005.02.15 16:11 B D:\data\packige\asp용웹에디터\htmlarea\images\ed_redo.gif --> artbeads.open4000.com /c:/webhosting/artbeads/htmlarea/images ed_redo.gif
2005.02.15 16:11 B D:\data\packige\asp용웹에디터\htmlarea\images\ed_undo.gif --> artbeads.open4000.com /c:/webhosting/artbeads/htmlarea/images ed_undo.gif
2005.02.15 16:11 B D:\data\packige\asp용웹에디터\htmlarea\images\fullscreen_maximize.gif --> artbeads.open4000.com /c:/webhosting/artbeads/htmlarea/images fullscreen_maximize.gif
2005.02.15 16:11 B D:\data\packige\asp용웹에디터\htmlarea\images\fullscreen_minimize.gif --> artbeads.open4000.com /c:/webhosting/artbeads/htmlarea/images fullscreen_minimize.gif
2005.02.15 16:11 B D:\data\packige\asp용웹에디터\htmlarea\images\insert_table.gif --> artbeads.open4000.com /c:/webhosting/artbeads/htmlarea/images insert_table.gif
2005.02.15 16:11 B D:\data\packige\asp용웹에디터\htmlarea\images\WS_FTP.LOG --> artbeads.open4000.com /c:/webhosting/artbeads/htmlarea/images WS_FTP.LOG
2005.02.15 17:10 B D:\data\packige\asp용웹에디터\htmlarea\images\ed_about.gif --> artbeads.open4000.com /c:/webhosting/artbeads/manager/htmlarea/images ed_about.gif
2005.02.15 17:10 B D:\data\packige\asp용웹에디터\htmlarea\images\ed_align_center.gif --> artbeads.open4000.com /c:/webhosting/artbeads/manager/htmlarea/images ed_align_center.gif
2005.02.15 17:10 B D:\data\packige\asp용웹에디터\htmlarea\images\ed_align_left.gif --> artbeads.open4000.com /c:/webhosting/artbeads/manager/htmlarea/images ed_align_left.gif
2005.02.15 17:10 B D:\data\packige\asp용웹에디터\htmlarea\images\ed_align_right.gif --> artbeads.open4000.com /c:/webhosting/artbeads/manager/htmlarea/images ed_align_right.gif
2005.02.15 17:10 B D:\data\packige\asp용웹에디터\htmlarea\images\ed_blank.gif --> artbeads.open4000.com /c:/webhosting/artbeads/manager/htmlarea/images ed_blank.gif
2005.02.15 17:10 B D:\data\packige\asp용웹에디터\htmlarea\images\ed_charmap.gif --> artbeads.open4000.com /c:/webhosting/artbeads/manager/htmlarea/images ed_charmap.gif
2005.02.15 17:10 B D:\data\packige\asp용웹에디터\htmlarea\images\ed_color_bg.gif --> artbeads.open4000.com /c:/webhosting/artbeads/manager/htmlarea/images ed_color_bg.gif
2005.02.15 17:10 B D:\data\packige\asp용웹에디터\htmlarea\images\ed_color_fg.gif --> artbeads.open4000.com /c:/webhosting/artbeads/manager/htmlarea/images ed_color_fg.gif
2005.02.15 17:10 B D:\data\packige\asp용웹에디터\htmlarea\images\ed_copy.gif --> artbeads.open4000.com /c:/webhosting/artbeads/manager/htmlarea/images ed_copy.gif
2005.02.15 17:10 B D:\data\packige\asp용웹에디터\htmlarea\images\ed_custom.gif --> artbeads.open4000.com /c:/webhosting/artbeads/manager/htmlarea/images ed_custom.gif
2005.02.15 17:10 B D:\data\packige\asp용웹에디터\htmlarea\images\ed_cut.gif --> artbeads.open4000.com /c:/webhosting/artbeads/manager/htmlarea/images ed_cut.gif
2005.02.15 17:10 B D:\data\packige\asp용웹에디터\htmlarea\images\ed_delete.gif --> artbeads.open4000.com /c:/webhosting/artbeads/manager/htmlarea/images ed_delete.gif
2005.02.15 17:10 B D:\data\packige\asp용웹에디터\htmlarea\images\ed_format_bold.gif --> artbeads.open4000.com /c:/webhosting/artbeads/manager/htmlarea/images ed_format_bold.gif
2005.02.15 17:10 B D:\data\packige\asp용웹에디터\htmlarea\images\ed_format_italic.gif --> artbeads.open4000.com /c:/webhosting/artbeads/manager/htmlarea/images ed_format_italic.gif
2005.02.15 17:10 B D:\data\packige\asp용웹에디터\htmlarea\images\ed_format_strike.gif --> artbeads.open4000.com /c:/webhosting/artbeads/manager/htmlarea/images ed_format_strike.gif
2005.02.15 17:10 B D:\data\packige\asp용웹에디터\htmlarea\images\ed_format_sub.gif --> artbeads.open4000.com /c:/webhosting/artbeads/manager/htmlarea/images ed_format_sub.gif
2005.02.15 17:10 B D:\data\packige\asp용웹에디터\htmlarea\images\ed_format_sup.gif --> artbeads.open4000.com /c:/webhosting/artbeads/manager/htmlarea/images ed_format_sup.gif
2005.02.15 17:10 B D:\data\packige\asp용웹에디터\htmlarea\images\ed_format_underline.gif --> artbeads.open4000.com /c:/webhosting/artbeads/manager/htmlarea/images ed_format_underline.gif
2005.02.15 17:10 B D:\data\packige\asp용웹에디터\htmlarea\images\ed_help.gif --> artbeads.open4000.com /c:/webhosting/artbeads/manager/htmlarea/images ed_help.gif
2005.02.15 17:10 B D:\data\packige\asp용웹에디터\htmlarea\images\ed_hr.gif --> artbeads.open4000.com /c:/webhosting/artbeads/manager/htmlarea/images ed_hr.gif
2005.02.15 17:10 B D:\data\packige\asp용웹에디터\htmlarea\images\ed_html.gif --> artbeads.open4000.com /c:/webhosting/artbeads/manager/htmlarea/images ed_html.gif
2005.02.15 17:10 B D:\data\packige\asp용웹에디터\htmlarea\images\ed_image.gif --> artbeads.open4000.com /c:/webhosting/artbeads/manager/htmlarea/images ed_image.gif
2005.02.15 17:10 B D:\data\packige\asp용웹에디터\htmlarea\images\ed_indent_less.gif --> artbeads.open4000.com /c:/webhosting/artbeads/manager/htmlarea/images ed_indent_less.gif
2005.02.15 17:10 B D:\data\packige\asp용웹에디터\htmlarea\images\ed_indent_more.gif --> artbeads.open4000.com /c:/webhosting/artbeads/manager/htmlarea/images ed_indent_more.gif
2005.02.15 17:10 B D:\data\packige\asp용웹에디터\htmlarea\images\ed_link.gif --> artbeads.open4000.com /c:/webhosting/artbeads/manager/htmlarea/images ed_link.gif
2005.02.15 17:10 B D:\data\packige\asp용웹에디터\htmlarea\images\ed_list_bullet.gif --> artbeads.open4000.com /c:/webhosting/artbeads/manager/htmlarea/images ed_list_bullet.gif
2005.02.15 17:10 B D:\data\packige\asp용웹에디터\htmlarea\images\ed_list_num.gif --> artbeads.open4000.com /c:/webhosting/artbeads/manager/htmlarea/images ed_list_num.gif
2005.02.15 17:10 B D:\data\packige\asp용웹에디터\htmlarea\images\ed_redo.gif --> artbeads.open4000.com /c:/webhosting/artbeads/manager/htmlarea/images ed_redo.gif
2005.02.15 17:10 B D:\data\packige\asp용웹에디터\htmlarea\images\ed_undo.gif --> artbeads.open4000.com /c:/webhosting/artbeads/manager/htmlarea/images ed_undo.gif
2005.02.15 17:10 B D:\data\packige\asp용웹에디터\htmlarea\images\fullscreen_maximize.gif --> artbeads.open4000.com /c:/webhosting/artbeads/manager/htmlarea/images fullscreen_maximize.gif
2005.02.15 17:10 B D:\data\packige\asp용웹에디터\htmlarea\images\fullscreen_minimize.gif --> artbeads.open4000.com /c:/webhosting/artbeads/manager/htmlarea/images fullscreen_minimize.gif
2005.02.15 17:10 B D:\data\packige\asp용웹에디터\htmlarea\images\insert_table.gif --> artbeads.open4000.com /c:/webhosting/artbeads/manager/htmlarea/images insert_table.gif
