2005.02.15 09:26 B D:\data\packige\asp웹에디터\htmlarea\popups\about.html <-- jumprope /c:/webhosting/jumprope/htmlarea/popups about.html
2005.02.15 09:26 B D:\data\packige\asp웹에디터\htmlarea\popups\blank.html <-- jumprope /c:/webhosting/jumprope/htmlarea/popups blank.html
2005.02.15 09:26 B D:\data\packige\asp웹에디터\htmlarea\popups\custom2.html <-- jumprope /c:/webhosting/jumprope/htmlarea/popups custom2.html
2005.02.15 09:26 B D:\data\packige\asp웹에디터\htmlarea\popups\editor_help.html <-- jumprope /c:/webhosting/jumprope/htmlarea/popups editor_help.html
2005.02.15 09:26 B D:\data\packige\asp웹에디터\htmlarea\popups\fullscreen.html <-- jumprope /c:/webhosting/jumprope/htmlarea/popups fullscreen.html
2005.02.15 09:26 B D:\data\packige\asp웹에디터\htmlarea\popups\insert_table.html <-- jumprope /c:/webhosting/jumprope/htmlarea/popups insert_table.html
2005.02.15 09:26 B D:\data\packige\asp웹에디터\htmlarea\popups\select_color.html <-- jumprope /c:/webhosting/jumprope/htmlarea/popups select_color.html
2005.02.15 09:26 B D:\data\packige\asp웹에디터\htmlarea\popups\upload_image.asp <-- jumprope /c:/webhosting/jumprope/htmlarea/popups upload_image.asp
2005.02.15 09:26 B D:\data\packige\asp웹에디터\htmlarea\popups\upload_image_ok.asp <-- jumprope /c:/webhosting/jumprope/htmlarea/popups upload_image_ok.asp
2005.02.15 15:18 B D:\data\packige\asp용웹에디터\htmlarea\popups\about.html --> artbeads.open4000.com /c:/webhosting/artbeads/htmlarea/popups about.html
2005.02.15 15:18 B D:\data\packige\asp용웹에디터\htmlarea\popups\blank.html --> artbeads.open4000.com /c:/webhosting/artbeads/htmlarea/popups blank.html
2005.02.15 15:18 B D:\data\packige\asp용웹에디터\htmlarea\popups\custom2.html --> artbeads.open4000.com /c:/webhosting/artbeads/htmlarea/popups custom2.html
2005.02.15 15:18 B D:\data\packige\asp용웹에디터\htmlarea\popups\editor_help.html --> artbeads.open4000.com /c:/webhosting/artbeads/htmlarea/popups editor_help.html
2005.02.15 15:18 B D:\data\packige\asp용웹에디터\htmlarea\popups\fullscreen.html --> artbeads.open4000.com /c:/webhosting/artbeads/htmlarea/popups fullscreen.html
2005.02.15 15:18 B D:\data\packige\asp용웹에디터\htmlarea\popups\insert_table.html --> artbeads.open4000.com /c:/webhosting/artbeads/htmlarea/popups insert_table.html
2005.02.15 15:18 B D:\data\packige\asp용웹에디터\htmlarea\popups\select_color.html --> artbeads.open4000.com /c:/webhosting/artbeads/htmlarea/popups select_color.html
2005.02.15 15:18 B D:\data\packige\asp용웹에디터\htmlarea\popups\upload_image.asp --> artbeads.open4000.com /c:/webhosting/artbeads/htmlarea/popups upload_image.asp
2005.02.15 15:18 B D:\data\packige\asp용웹에디터\htmlarea\popups\upload_image_ok.asp --> artbeads.open4000.com /c:/webhosting/artbeads/htmlarea/popups upload_image_ok.asp
2005.02.15 15:18 B D:\data\packige\asp용웹에디터\htmlarea\popups\WS_FTP.LOG --> artbeads.open4000.com /c:/webhosting/artbeads/htmlarea/popups WS_FTP.LOG
2005.02.15 16:01 B D:\data\packige\asp용웹에디터\htmlarea\popups\about.html --> artbeads.open4000.com /c:/webhosting/artbeads/htmlarea/popups about.html
2005.02.15 16:01 B D:\data\packige\asp용웹에디터\htmlarea\popups\blank.html --> artbeads.open4000.com /c:/webhosting/artbeads/htmlarea/popups blank.html
2005.02.15 16:01 B D:\data\packige\asp용웹에디터\htmlarea\popups\custom2.html --> artbeads.open4000.com /c:/webhosting/artbeads/htmlarea/popups custom2.html
2005.02.15 16:01 B D:\data\packige\asp용웹에디터\htmlarea\popups\editor_help.html --> artbeads.open4000.com /c:/webhosting/artbeads/htmlarea/popups editor_help.html
2005.02.15 16:01 B D:\data\packige\asp용웹에디터\htmlarea\popups\fullscreen.html --> artbeads.open4000.com /c:/webhosting/artbeads/htmlarea/popups fullscreen.html
2005.02.15 16:01 B D:\data\packige\asp용웹에디터\htmlarea\popups\insert_table.html --> artbeads.open4000.com /c:/webhosting/artbeads/htmlarea/popups insert_table.html
2005.02.15 16:01 B D:\data\packige\asp용웹에디터\htmlarea\popups\select_color.html --> artbeads.open4000.com /c:/webhosting/artbeads/htmlarea/popups select_color.html
2005.02.15 16:01 B D:\data\packige\asp용웹에디터\htmlarea\popups\upload_image.asp --> artbeads.open4000.com /c:/webhosting/artbeads/htmlarea/popups upload_image.asp
2005.02.15 16:01 B D:\data\packige\asp용웹에디터\htmlarea\popups\upload_image_ok.asp --> artbeads.open4000.com /c:/webhosting/artbeads/htmlarea/popups upload_image_ok.asp
2005.02.15 16:01 B D:\data\packige\asp용웹에디터\htmlarea\popups\WS_FTP.LOG --> artbeads.open4000.com /c:/webhosting/artbeads/htmlarea/popups WS_FTP.LOG
2005.02.15 16:11 B D:\data\packige\asp용웹에디터\htmlarea\popups\about.html --> artbeads.open4000.com /c:/webhosting/artbeads/htmlarea/popups about.html
2005.02.15 16:11 B D:\data\packige\asp용웹에디터\htmlarea\popups\blank.html --> artbeads.open4000.com /c:/webhosting/artbeads/htmlarea/popups blank.html
2005.02.15 16:11 B D:\data\packige\asp용웹에디터\htmlarea\popups\custom2.html --> artbeads.open4000.com /c:/webhosting/artbeads/htmlarea/popups custom2.html
2005.02.15 16:11 B D:\data\packige\asp용웹에디터\htmlarea\popups\editor_help.html --> artbeads.open4000.com /c:/webhosting/artbeads/htmlarea/popups editor_help.html
2005.02.15 16:11 B D:\data\packige\asp용웹에디터\htmlarea\popups\fullscreen.html --> artbeads.open4000.com /c:/webhosting/artbeads/htmlarea/popups fullscreen.html
2005.02.15 16:11 B D:\data\packige\asp용웹에디터\htmlarea\popups\insert_table.html --> artbeads.open4000.com /c:/webhosting/artbeads/htmlarea/popups insert_table.html
2005.02.15 16:11 B D:\data\packige\asp용웹에디터\htmlarea\popups\select_color.html --> artbeads.open4000.com /c:/webhosting/artbeads/htmlarea/popups select_color.html
2005.02.15 16:11 B D:\data\packige\asp용웹에디터\htmlarea\popups\upload_image.asp --> artbeads.open4000.com /c:/webhosting/artbeads/htmlarea/popups upload_image.asp
2005.02.15 16:11 B D:\data\packige\asp용웹에디터\htmlarea\popups\upload_image_ok.asp --> artbeads.open4000.com /c:/webhosting/artbeads/htmlarea/popups upload_image_ok.asp
2005.02.15 16:11 B D:\data\packige\asp용웹에디터\htmlarea\popups\WS_FTP.LOG --> artbeads.open4000.com /c:/webhosting/artbeads/htmlarea/popups WS_FTP.LOG
2005.02.15 17:10 B D:\data\packige\asp용웹에디터\htmlarea\popups\about.html --> artbeads.open4000.com /c:/webhosting/artbeads/manager/htmlarea/popups about.html
2005.02.15 17:10 B D:\data\packige\asp용웹에디터\htmlarea\popups\blank.html --> artbeads.open4000.com /c:/webhosting/artbeads/manager/htmlarea/popups blank.html
2005.02.15 17:10 B D:\data\packige\asp용웹에디터\htmlarea\popups\custom2.html --> artbeads.open4000.com /c:/webhosting/artbeads/manager/htmlarea/popups custom2.html
2005.02.15 17:10 B D:\data\packige\asp용웹에디터\htmlarea\popups\editor_help.html --> artbeads.open4000.com /c:/webhosting/artbeads/manager/htmlarea/popups editor_help.html
2005.02.15 17:10 B D:\data\packige\asp용웹에디터\htmlarea\popups\fullscreen.html --> artbeads.open4000.com /c:/webhosting/artbeads/manager/htmlarea/popups fullscreen.html
2005.02.15 17:10 B D:\data\packige\asp용웹에디터\htmlarea\popups\insert_table.html --> artbeads.open4000.com /c:/webhosting/artbeads/manager/htmlarea/popups insert_table.html
2005.02.15 17:10 B D:\data\packige\asp용웹에디터\htmlarea\popups\select_color.html --> artbeads.open4000.com /c:/webhosting/artbeads/manager/htmlarea/popups select_color.html
2005.02.15 17:10 B D:\data\packige\asp용웹에디터\htmlarea\popups\upload_image.asp --> artbeads.open4000.com /c:/webhosting/artbeads/manager/htmlarea/popups upload_image.asp
2005.02.15 17:10 B D:\data\packige\asp용웹에디터\htmlarea\popups\upload_image_ok.asp --> artbeads.open4000.com /c:/webhosting/artbeads/manager/htmlarea/popups upload_image_ok.asp
